TN:
SF:src/zone-flags.ts
FNF:0
FNH:0
DA:6,1
LF:1
LH:1
BRF:0
BRH:0
end_of_record
TN:
SF:src/app/app.component.ts
FN:22,(anonymous_0)
FN:29,(anonymous_1)
FNF:2
FNH:2
FNDA:1,(anonymous_0)
FNDA:1,(anonymous_1)
DA:9,1
DA:20,1
DA:22,1
DA:23,1
DA:30,1
DA:31,1
LF:6
LH:6
BRF:0
BRH:0
end_of_record
TN:
SF:src/app/pages/appointments/appointments.page.ts
FN:27,(anonymous_0)
FN:36,(anonymous_1)
FN:37,(anonymous_2)
FN:46,(anonymous_3)
FN:54,(anonymous_4)
FN:65,(anonymous_5)
FN:78,(anonymous_6)
FN:90,(anonymous_7)
FNF:8
FNH:4
FNDA:4,(anonymous_0)
FNDA:1,(anonymous_1)
FNDA:1,(anonymous_2)
FNDA:0,(anonymous_3)
FNDA:1,(anonymous_4)
FNDA:0,(anonymous_5)
FNDA:0,(anonymous_6)
FNDA:0,(anonymous_7)
DA:21,1
DA:23,4
DA:28,4
DA:29,4
DA:30,4
DA:37,1
DA:38,1
DA:47,0
DA:55,1
DA:60,1
DA:62,1
DA:64,1
DA:65,1
DA:66,1
DA:67,0
DA:68,0
DA:71,1
DA:79,0
DA:84,0
DA:91,0
DA:92,0
LF:21
LH:14
BRDA:64,0,0,1
BRDA:64,1,0,1
BRDA:64,1,1,1
BRDA:66,2,0,0
BRDA:91,3,0,0
BRF:5
BRH:3
end_of_record
TN:
SF:src/app/pages/auth/forget-password/forget-password.page.ts
FN:20,(anonymous_0)
FN:25,(anonymous_1)
FN:32,(anonymous_2)
FN:39,(anonymous_3)
FNF:4
FNH:4
FNDA:4,(anonymous_0)
FNDA:1,(anonymous_1)
FNDA:1,(anonymous_2)
FNDA:1,(anonymous_3)
DA:18,1
DA:20,4
DA:26,1
DA:33,1
DA:40,1
LF:5
LH:5
BRF:0
BRH:0
end_of_record
TN:
SF:src/app/pages/auth/signin/signin.page.ts
FN:25,(anonymous_0)
FN:27,(anonymous_1)
FN:32,(anonymous_2)
FN:39,(anonymous_3)
FN:46,(anonymous_4)
FN:53,(anonymous_5)
FNF:6
FNH:4
FNDA:3,(anonymous_0)
FNDA:3,(anonymous_1)
FNDA:1,(anonymous_2)
FNDA:1,(anonymous_3)
FNDA:0,(anonymous_4)
FNDA:0,(anonymous_5)
DA:23,1
DA:25,3
DA:33,1
DA:40,1
DA:47,0
DA:54,0
LF:6
LH:4
BRF:0
BRH:0
end_of_record
TN:
SF:src/app/pages/auth/signup/signup.page.ts
FN:20,(anonymous_0)
FN:25,(anonymous_1)
FN:32,(anonymous_2)
FN:39,(anonymous_3)
FNF:4
FNH:4
FNDA:4,(anonymous_0)
FNDA:1,(anonymous_1)
FNDA:1,(anonymous_2)
FNDA:1,(anonymous_3)
DA:18,1
DA:20,4
DA:26,1
DA:33,1
DA:40,1
LF:5
LH:5
BRF:0
BRH:0
end_of_record
TN:
SF:src/app/pages/home/home.page.ts
FN:53,(anonymous_0)
FN:65,(anonymous_1)
FN:75,(anonymous_2)
FN:82,(anonymous_3)
FN:86,(anonymous_4)
FN:92,(anonymous_5)
FN:106,(anonymous_6)
FN:107,(anonymous_7)
FN:109,(anonymous_8)
FN:113,(anonymous_9)
FN:124,(anonymous_10)
FN:137,(anonymous_11)
FN:138,(anonymous_12)
FN:145,(anonymous_13)
FN:151,(anonymous_14)
FN:152,(anonymous_15)
FN:156,(anonymous_16)
FNF:17
FNH:9
FNDA:4,(anonymous_0)
FNDA:4,(anonymous_1)
FNDA:0,(anonymous_2)
FNDA:4,(anonymous_3)
FNDA:0,(anonymous_4)
FNDA:0,(anonymous_5)
FNDA:5,(anonymous_6)
FNDA:5,(anonymous_7)
FNDA:0,(anonymous_8)
FNDA:0,(anonymous_9)
FNDA:5,(anonymous_10)
FNDA:0,(anonymous_11)
FNDA:0,(anonymous_12)
FNDA:1,(anonymous_13)
FNDA:1,(anonymous_14)
FNDA:1,(anonymous_15)
FNDA:0,(anonymous_16)
DA:28,1
DA:38,4
DA:43,4
DA:48,4
DA:54,4
DA:55,4
DA:56,4
DA:57,4
DA:58,4
DA:59,4
DA:66,4
DA:67,4
DA:76,0
DA:83,4
DA:84,4
DA:85,4
DA:87,0
DA:88,0
DA:89,0
DA:90,0
DA:93,0
DA:97,0
DA:107,5
DA:108,5
DA:110,0
DA:111,0
DA:114,0
DA:125,5
DA:126,5
DA:129,5
DA:138,0
DA:146,1
DA:147,1
DA:148,1
DA:150,1
DA:151,1
DA:153,1
DA:154,1
DA:157,0
LF:39
LH:27
BRDA:83,0,0,4
BRDA:84,1,0,4
BRDA:84,1,1,0
BRF:3
BRH:2
end_of_record
TN:
SF:src/app/pages/landing/landing.page.ts
FN:20,(anonymous_0)
FN:25,(anonymous_1)
FN:32,(anonymous_2)
FNF:3
FNH:2
FNDA:2,(anonymous_0)
FNDA:1,(anonymous_1)
FNDA:0,(anonymous_2)
DA:18,1
DA:20,2
DA:26,1
DA:33,0
LF:4
LH:3
BRF:0
BRH:0
end_of_record
TN:
SF:src/app/pages/profile/profile.page.ts
FN:27,(anonymous_0)
FN:34,(anonymous_1)
FNF:2
FNH:1
FNDA:2,(anonymous_0)
FNDA:0,(anonymous_1)
DA:20,1
DA:21,2
DA:28,2
DA:35,0
LF:4
LH:3
BRF:0
BRH:0
end_of_record
TN:
SF:src/app/pages/service-details/service-details.page.ts
FN:91,(anonymous_0)
FN:100,(anonymous_1)
FN:105,(anonymous_2)
FN:131,(anonymous_3)
FN:135,(anonymous_4)
FN:145,(anonymous_5)
FN:153,(anonymous_6)
FN:162,(anonymous_7)
FN:176,(anonymous_8)
FN:181,(anonymous_9)
FN:202,(anonymous_10)
FN:223,(anonymous_11)
FN:236,(anonymous_12)
FN:251,(anonymous_13)
FN:259,(anonymous_14)
FN:268,(anonymous_15)
FN:278,(anonymous_16)
FNF:17
FNH:13
FNDA:10,(anonymous_0)
FNDA:1,(anonymous_1)
FNDA:0,(anonymous_2)
FNDA:1,(anonymous_3)
FNDA:1,(anonymous_4)
FNDA:0,(anonymous_5)
FNDA:0,(anonymous_6)
FNDA:1,(anonymous_7)
FNDA:1,(anonymous_8)
FNDA:1,(anonymous_9)
FNDA:2,(anonymous_10)
FNDA:0,(anonymous_11)
FNDA:1,(anonymous_12)
FNDA:2,(anonymous_13)
FNDA:1,(anonymous_14)
FNDA:1,(anonymous_15)
FNDA:1,(anonymous_16)
DA:29,1
DA:34,10
DA:39,10
DA:50,10
DA:55,10
DA:61,10
DA:66,10
DA:71,10
DA:76,10
DA:81,10
DA:86,10
DA:92,10
DA:93,10
DA:94,10
DA:95,10
DA:101,1
DA:102,1
DA:104,1
DA:106,0
DA:108,0
DA:109,0
DA:110,0
DA:112,0
DA:113,0
DA:114,0
DA:117,0
DA:118,0
DA:126,0
DA:129,0
DA:131,1
DA:132,1
DA:135,1
DA:136,1
DA:146,0
DA:154,0
DA:163,1
DA:164,1
DA:165,2
DA:169,1
DA:178,1
DA:181,1
DA:182,1
DA:183,1
DA:189,1
DA:190,1
DA:192,0
DA:203,2
DA:204,2
DA:205,2
DA:207,2
DA:208,35
DA:209,35
DA:210,35
DA:211,35
DA:215,2
DA:224,0
DA:225,0
DA:226,0
DA:227,0
DA:237,1
DA:238,1
DA:240,1
DA:241,3
DA:242,3
DA:245,1
DA:252,2
DA:260,1
DA:269,1
DA:270,1
DA:272,0
DA:279,1
DA:280,1
DA:281,1
LF:73
LH:54
BRDA:109,0,0,0
BRDA:110,1,0,0
BRDA:110,1,1,0
BRDA:110,2,0,0
BRDA:110,2,1,0
BRDA:183,3,0,1
BRDA:183,3,1,1
BRDA:183,3,2,1
BRDA:189,4,0,1
BRDA:189,4,1,0
BRDA:208,5,0,35
BRDA:269,6,0,1
BRDA:279,7,0,1
BRF:13
BRH:7
end_of_record
TN:
SF:src/app/shared/Components/flex-card/flex-card.component.ts
FN:25,(anonymous_0)
FN:30,(anonymous_1)
FN:38,(anonymous_2)
FN:49,(anonymous_3)
FN:57,(anonymous_4)
FN:58,(anonymous_5)
FNF:6
FNH:1
FNDA:5,(anonymous_0)
FNDA:0,(anonymous_1)
FNDA:0,(anonymous_2)
FNDA:0,(anonymous_3)
FNDA:0,(anonymous_4)
FNDA:0,(anonymous_5)
DA:17,1
DA:25,5
DA:31,0
DA:39,0
DA:40,0
DA:41,0
DA:42,0
DA:50,0
DA:58,0
LF:9
LH:2
BRF:0
BRH:0
end_of_record
TN:
SF:src/app/shared/Components/modals/anulation/anulation.component.ts
FN:24,(anonymous_0)
FN:30,(anonymous_1)
FN:38,(anonymous_2)
FNF:3
FNH:1
FNDA:1,(anonymous_0)
FNDA:0,(anonymous_1)
FNDA:0,(anonymous_2)
DA:17,1
DA:24,1
DA:31,0
DA:39,0
LF:4
LH:2
BRF:0
BRH:0
end_of_record
TN:
SF:src/app/shared/Components/toolbar/toolbar.component.ts
FN:34,(anonymous_0)
FN:40,(anonymous_1)
FNF:2
FNH:1
FNDA:7,(anonymous_0)
FNDA:0,(anonymous_1)
DA:18,1
DA:22,7
DA:27,7
DA:32,7
DA:34,7
DA:41,0
LF:6
LH:5
BRF:0
BRH:0
end_of_record
TN:
SF:src/app/shared/constants/hiddens.ts
FNF:0
FNH:0
DA:5,1
DA:14,1
LF:2
LH:2
BRF:0
BRH:0
end_of_record
TN:
SF:src/app/shared/services/data.service.ts
FN:26,(anonymous_0)
FN:34,(anonymous_1)
FN:51,(anonymous_2)
FNF:3
FNH:3
FNDA:16,(anonymous_0)
FNDA:1,(anonymous_1)
FNDA:2,(anonymous_2)
DA:23,1
DA:24,16
DA:35,1
DA:36,1
DA:41,1
DA:42,1
DA:43,1
DA:52,2
LF:8
LH:8
BRDA:35,0,0,1
BRF:1
BRH:1
end_of_record
TN:
SF:src/app/shared/services/mock.service.ts
FN:10,(anonymous_0)
FNF:1
FNH:1
FNDA:1,(anonymous_0)
DA:9,1
DA:10,1
LF:2
LH:2
BRF:0
BRH:0
end_of_record
TN:
SF:src/app/tabs/tabs.page.ts
FN:18,(anonymous_0)
FNF:1
FNH:1
FNDA:2,(anonymous_0)
DA:15,1
DA:16,2
LF:2
LH:2
BRF:0
BRH:0
end_of_record
